<?xml version="1.0" encoding="UTF-8"?>
<testsuite xmlns:xsi="http://www.w3.org/2001/XMLSchema-instance" xsi:noNamespaceSchemaLocation="https://maven.apache.org/surefire/maven-surefire-plugin/xsd/surefire-test-report-3.0.xsd" version="3.0" name="sk.itlearning.java4.a.xml.TestCatalogLoader" time="0.329" tests="1" errors="0" skipped="0" failures="0">
  <properties>
    <property name="java.specification.version" value="17"/>
    <property name="sun.cpu.isalist" value="amd64"/>
    <property name="sun.jnu.encoding" value="Cp1250"/>
    <property name="java.class.path" value="C:\devel\git\java4\backend_parent\book_controller\target\test-classes;C:\devel\git\java4\backend_parent\book_controller\target\classes;C:\devel\repo\junit\junit\4.9\junit-4.9.jar;C:\devel\repo\org\hamcrest\hamcrest-core\1.1\hamcrest-core-1.1.jar;C:\devel\git\java4\backend_parent\book_model\target\book_model-1.0-SNAPSHOT.jar;C:\devel\repo\org\glassfish\jaxb\jaxb-runtime\2.4.0-b180830.0438\jaxb-runtime-2.4.0-b180830.0438.jar;C:\devel\repo\javax\xml\bind\jaxb-api\2.4.0-b180830.0359\jaxb-api-2.4.0-b180830.0359.jar;C:\devel\repo\org\glassfish\jaxb\txw2\2.4.0-b180830.0438\txw2-2.4.0-b180830.0438.jar;C:\devel\repo\com\sun\istack\istack-commons-runtime\3.0.7\istack-commons-runtime-3.0.7.jar;C:\devel\repo\org\jvnet\staxex\stax-ex\1.8\stax-ex-1.8.jar;C:\devel\repo\com\sun\xml\fastinfoset\FastInfoset\1.2.15\FastInfoset-1.2.15.jar;C:\devel\repo\javax\activation\javax.activation-api\1.2.0\javax.activation-api-1.2.0.jar;C:\devel\repo\org\openjfx\javafx-controls\11-ea+19\javafx-controls-11-ea+19.jar;C:\devel\repo\org\openjfx\javafx-controls\11-ea+19\javafx-controls-11-ea+19-win.jar;C:\devel\repo\org\openjfx\javafx-graphics\11-ea+19\javafx-graphics-11-ea+19.jar;C:\devel\repo\org\openjfx\javafx-graphics\11-ea+19\javafx-graphics-11-ea+19-win.jar;C:\devel\repo\org\openjfx\javafx-base\11-ea+19\javafx-base-11-ea+19.jar;C:\devel\repo\org\openjfx\javafx-base\11-ea+19\javafx-base-11-ea+19-win.jar;"/>
    <property name="java.vm.vendor" value="Oracle Corporation"/>
    <property name="sun.arch.data.model" value="64"/>
    <property name="user.variant" value=""/>
    <property name="java.vendor.url" value="https://java.oracle.com/"/>
    <property name="user.timezone" value="Europe/Bratislava"/>
    <property name="os.name" value="Windows 10"/>
    <property name="java.vm.specification.version" value="17"/>
    <property name="sun.java.launcher" value="SUN_STANDARD"/>
    <property name="user.country" value="SK"/>
    <property name="sun.boot.library.path" value="C:\devel\jdk-17.0.6\bin"/>
    <property name="sun.java.command" value="C:\Users\student\AppData\Local\Temp\surefire17021587211488136772\surefirebooter-20230315103241388_3.jar C:\Users\student\AppData\Local\Temp\surefire17021587211488136772 2023-03-15T10-32-38_040-jvmRun1 surefire-20230315103241388_1tmp surefire_0-20230315103241388_2tmp"/>
    <property name="jdk.debug" value="release"/>
    <property name="surefire.test.class.path" value="C:\devel\git\java4\backend_parent\book_controller\target\test-classes;C:\devel\git\java4\backend_parent\book_controller\target\classes;C:\devel\repo\junit\junit\4.9\junit-4.9.jar;C:\devel\repo\org\hamcrest\hamcrest-core\1.1\hamcrest-core-1.1.jar;C:\devel\git\java4\backend_parent\book_model\target\book_model-1.0-SNAPSHOT.jar;C:\devel\repo\org\glassfish\jaxb\jaxb-runtime\2.4.0-b180830.0438\jaxb-runtime-2.4.0-b180830.0438.jar;C:\devel\repo\javax\xml\bind\jaxb-api\2.4.0-b180830.0359\jaxb-api-2.4.0-b180830.0359.jar;C:\devel\repo\org\glassfish\jaxb\txw2\2.4.0-b180830.0438\txw2-2.4.0-b180830.0438.jar;C:\devel\repo\com\sun\istack\istack-commons-runtime\3.0.7\istack-commons-runtime-3.0.7.jar;C:\devel\repo\org\jvnet\staxex\stax-ex\1.8\stax-ex-1.8.jar;C:\devel\repo\com\sun\xml\fastinfoset\FastInfoset\1.2.15\FastInfoset-1.2.15.jar;C:\devel\repo\javax\activation\javax.activation-api\1.2.0\javax.activation-api-1.2.0.jar;C:\devel\repo\org\openjfx\javafx-controls\11-ea+19\javafx-controls-11-ea+19.jar;C:\devel\repo\org\openjfx\javafx-controls\11-ea+19\javafx-controls-11-ea+19-win.jar;C:\devel\repo\org\openjfx\javafx-graphics\11-ea+19\javafx-graphics-11-ea+19.jar;C:\devel\repo\org\openjfx\javafx-graphics\11-ea+19\javafx-graphics-11-ea+19-win.jar;C:\devel\repo\org\openjfx\javafx-base\11-ea+19\javafx-base-11-ea+19.jar;C:\devel\repo\org\openjfx\javafx-base\11-ea+19\javafx-base-11-ea+19-win.jar;"/>
    <property name="sun.cpu.endian" value="little"/>
    <property name="user.home" value="C:\Users\student"/>
    <property name="user.language" value="sk"/>
    <property name="java.specification.vendor" value="Oracle Corporation"/>
    <property name="java.version.date" value="2023-01-17"/>
    <property name="java.home" value="C:\devel\jdk-17.0.6"/>
    <property name="file.separator" value="\"/>
    <property name="basedir" value="C:\devel\git\java4\backend_parent\book_controller"/>
    <property name="java.vm.compressedOopsMode" value="32-bit"/>
    <property name="line.separator" value="&#10;"/>
    <property name="java.vm.specification.vendor" value="Oracle Corporation"/>
    <property name="java.specification.name" value="Java Platform API Specification"/>
    <property name="surefire.real.class.path" value="C:\Users\student\AppData\Local\Temp\surefire17021587211488136772\surefirebooter-20230315103241388_3.jar"/>
    <property name="user.script" value=""/>
    <property name="sun.management.compiler" value="HotSpot 64-Bit Tiered Compilers"/>
    <property name="java.runtime.version" value="17.0.6+9-LTS-190"/>
    <property name="user.name" value="student"/>
    <property name="path.separator" value=";"/>
    <property name="os.version" value="10.0"/>
    <property name="java.runtime.name" value="Java(TM) SE Runtime Environment"/>
    <property name="file.encoding" value="Cp1250"/>
    <property name="java.vm.name" value="Java HotSpot(TM) 64-Bit Server VM"/>
    <property name="localRepository" value="C:\devel\repo"/>
    <property name="java.vendor.url.bug" value="https://bugreport.java.com/bugreport/"/>
    <property name="java.io.tmpdir" value="C:\Users\student\AppData\Local\Temp\"/>
    <property name="java.version" value="17.0.6"/>
    <property name="user.dir" value="C:\devel\git\java4\backend_parent\book_controller"/>
    <property name="os.arch" value="amd64"/>
    <property name="java.vm.specification.name" value="Java Virtual Machine Specification"/>
    <property name="sun.os.patch.level" value=""/>
    <property name="native.encoding" value="Cp1250"/>
    <property name="java.library.path" value="C:\devel\jdk-17.0.6\bin;C:\windows\Sun\Java\bin;C:\windows\system32;C:\windows;C:\windows\system32;C:\windows;C:\windows\System32\Wbem;C:\windows\System32\WindowsPowerShell\v1.0\;C:\windows\System32\OpenSSH\;C:\Users\student\AppData\Local\Programs\Python\Python311\Scripts\;C:\Users\student\AppData\Local\Programs\Python\Python311\;C:\Users\student\AppData\Local\Microsoft\WindowsApps;;."/>
    <property name="java.vm.info" value="mixed mode, sharing"/>
    <property name="java.vendor" value="Oracle Corporation"/>
    <property name="java.vm.version" value="17.0.6+9-LTS-190"/>
    <property name="sun.io.unicode.encoding" value="UnicodeLittle"/>
    <property name="java.class.version" value="61.0"/>
  </properties>
  <testcase name="test" classname="sk.itlearning.java4.a.xml.TestCatalogLoader" time="0.28"/>
</testsuite>